 * Running on http://0.0.0.0:5000/ (Press CTRL+C to quit)
192.168.63.3 - - [10/Nov/2017 05:11:41] "GET /?title=Git%E3%81%AB%E3%82%88%E3%82%8B%E3%83%8F%E3%82%99%E3%83%BC%E3%82%B7%E3%82%99%E3%83%A7%E3%83%B3%E7%AE%A1%E7%90%86&column=test HTTP/1.1" 200 -
192.168.63.3 - - [10/Nov/2017 05:11:41] "GET /update/ HTTP/1.1" 200 -
192.168.63.3 - - [10/Nov/2017 05:11:54] "GET /delete/?title=Git%E3%81%AB%E3%82%88%E3%82%8B%E3%83%8F%E3%82%99%E3%83%BC%E3%82%B7%E3%82%99%E3%83%A7%E3%83%B3%E7%AE%A1%E7%90%86&column=test HTTP/1.1" 200 -
192.168.63.3 - - [10/Nov/2017 05:11:54] "GET /update/ HTTP/1.1" 200 -
192.168.63.3 - - [10/Nov/2017 05:13:41] "GET /?title=%E5%AE%9A%E6%80%A7%E7%9A%84%E3%83%86%E3%82%99%E3%83%BC%E3%82%BF%E5%88%86%E6%9E%90&column=%E3%83%87%E3%83%BC%E3%82%BF%E3%82%B5%E3%82%A4%E3%82%A8%E3%83%B3%E3%82%B9 HTTP/1.1" 200 -
192.168.63.3 - - [10/Nov/2017 05:13:41] "GET /update/ HTTP/1.1" 200 -
192.168.63.3 - - [10/Nov/2017 05:14:10] "GET /?title=%E3%82%B1%E3%82%99%E3%83%BC%E3%83%A0%E9%96%8B%E7%99%BA%E8%80%85%E3%81%AE%E3%81%9F%E3%82%81%E3%81%AEAI%E5%85%A5%E9%96%80&column=%E3%82%B2%E3%83%BC%E3%83%A0 HTTP/1.1" 200 -
192.168.63.3 - - [10/Nov/2017 05:14:10] "GET /update/ HTTP/1.1" 200 -
192.168.63.3 - - [10/Nov/2017 05:39:07] "GET /?title=Python%E3%81%A6%E3%82%99%E3%81%AF%E3%81%97%E3%82%99%E3%82%81%E3%82%8B%E6%A9%9F%E6%A2%B0%E5%AD%A6%E7%BF%92%EF%BC%88scikit-learn%E3%81%A6%E3%82%99%E5%AD%A6%E3%81%B5%E3%82%99%E7%89%B9%E5%BE%B4%E9%87%8F%E3%82%A8%E3%83%B3%E3%82%B7%E3%82%99%E3%83%8B%E3%82%A2%E3%83%AA%E3%83%B3%E3%82%AF%E3%82%99%E3%81%A8%E6%A9%9F%E6%A2%B0%E5%AD%A6%E7%BF%92%E3%81%AE%E5%9F%BA%E7%A4%8E%EF%BC%89&column=test HTTP/1.1" 200 -
192.168.63.3 - - [10/Nov/2017 05:39:07] "GET /update/ HTTP/1.1" 200 -
<class 'str'>
OK
update
<class 'str'>
OK
['Gitによるバージョン管理', 'github', 'test']
['Gitによるバージョン管理', 'github']
イラストで学ぶ情報理論の考え方,情報理論

劣モジュラ最適化と機械学習,機械学習,最適化

機械学習のための確率と統計,統計

Pythonからはじめる数学入門,数学,python

徹底攻略CiscoCCNA CCENT教科書IDND1編

線形代数講義,数学

深層学習による自然言語処理,深層学習,自然言語処理

戦略的データサイエンス入門,データサイエンス

関係データ学習

バンディット問題の理論とアルゴリズム,強化学習

一般化線形モデル入門,数学

統計的学習の基礎 データマイニング・推論・予測

マスタリングTCP IP_情報セキュリティ編,インフラ

IPythonデータサイエンスクックブック,Jupyter,データサイエンス

Pythonではじめる機械学習（scikit-learnで学ぶ特徴量エンジニアリングと機械学習の基礎）

Cによる探索プログラミング

Pythonによるデータ分析入門,データ分析

初歩から学ぶ統計的学習,統計

UMLモデリングのエッセンス_第3版

マスタリングTCPIP 入門編 第5版,インフラ

Gitによるバージョン管理,github

独習Java_第4版,java

Scalaスケーリングプログラミング

メタプログラミング Ruby,ruby

ディジタル画像処理

アンサンブル機械学習,機械学習

実践機械学習システム,機械学習

WEBマーケティング111の技

生命情報処理における機械学習

ウェブデータの機械学習

PythonユーザのためのJupyter[実践]入門

データ解析におけるプライバシー保護

深層学習（人工知能学会監修）,深層学習

力のつく微分積分-1変数の微積分

明解演習線形代数

イラストで学ぶ機械学習

Ruby on Rails4アプリケーションプログラミング

Rubyのしくみ,ruby

機械学習のための連続最適化

統計的因果探索

初めてのRuby

定性的データ分析

ヒューマンコンピュテーションとクラウドソーシング

初めてのJavaScript,JavaScript

PythonによるWebスクレイピング

入門Python3

入門Python2&3対応

異常検知と変化検知

アンサンブル機械学習

一般化線形モデル（統計解析スタンダード）

Chainer v2による実践深層学習

[改訂第4版オールカラーHTMLポケットリファレンス]

リーダブルコード

画像認識

統計的学習理論

入門git

論理設計 スイッチング回路理論

Docker

Python文法詳解

変分ベイズ学習

マーケティング・データ分析の基礎

ノンパラメトリックベイズ

質問応答システム

ゼロから作るDeepLearning Pythonで学ぶディープラーニングの理論と実装

入門自然言語処理

Javaで学ぶ遺伝的アルゴリズム

チャート式DUAL SCOPE デュアルスコープ総合英語

入門機械学習

SQL書き方ドリル

ゲーム開発者のためのAI入門

遺伝的プログラミング

Pythonベースの活用レシピ60+ TensorFlow 機械学習クックブック

デ−タサイエンティスト養成読本 登竜門編

ゼロからはじめるデータサイエンス Pythonで学ぶ基本と実践

コンピュータサイエンス教科書シリーズ15 離散数学

新版_数理計画入門

わかりやすい数理統計の基礎

Python機械学習プログラミング

オンライン予測

PythonとJavaScriptではじめるデータビジュアライゼーション,python

明解C言語_入門編

update
<class 'str'>
OK
update
<class 'str'>
OK
update
<class 'str'>
OK
update
<class 'str'>
OK
['Pythonではじめる機械学習（scikit-learnで学ぶ特徴量エンジニアリングと機械学習の基礎）', 'test']
['Pythonではじめる機械学習（scikit-learnで学ぶ特徴量エンジニアリングと機械学習の基礎）']
イラストで学ぶ情報理論の考え方,情報理論

劣モジュラ最適化と機械学習,機械学習,最適化

機械学習のための確率と統計,統計

Pythonからはじめる数学入門,数学,python

徹底攻略CiscoCCNA CCENT教科書IDND1編

線形代数講義,数学

深層学習による自然言語処理,深層学習,自然言語処理

戦略的データサイエンス入門,データサイエンス

関係データ学習

バンディット問題の理論とアルゴリズム,強化学習

一般化線形モデル入門,数学

統計的学習の基礎 データマイニング・推論・予測

マスタリングTCP IP_情報セキュリティ編,インフラ

IPythonデータサイエンスクックブック,Jupyter,データサイエンス

Pythonではじめる機械学習（scikit-learnで学ぶ特徴量エンジニアリングと機械学習の基礎）

Cによる探索プログラミング

Pythonによるデータ分析入門,データ分析

初歩から学ぶ統計的学習,統計

UMLモデリングのエッセンス_第3版

マスタリングTCPIP 入門編 第5版,インフラ

Gitによるバージョン管理,github

独習Java_第4版,java

Scalaスケーリングプログラミング

メタプログラミング Ruby,ruby

ディジタル画像処理

アンサンブル機械学習,機械学習

実践機械学習システム,機械学習

WEBマーケティング111の技

生命情報処理における機械学習

ウェブデータの機械学習

PythonユーザのためのJupyter[実践]入門

データ解析におけるプライバシー保護

深層学習（人工知能学会監修）,深層学習

力のつく微分積分-1変数の微積分

明解演習線形代数

イラストで学ぶ機械学習

Ruby on Rails4アプリケーションプログラミング

Rubyのしくみ,ruby

機械学習のための連続最適化

統計的因果探索

初めてのRuby

定性的データ分析,データサイエンス

ヒューマンコンピュテーションとクラウドソーシング

初めてのJavaScript,JavaScript

PythonによるWebスクレイピング

入門Python3

入門Python2&3対応

異常検知と変化検知

アンサンブル機械学習

一般化線形モデル（統計解析スタンダード）

Chainer v2による実践深層学習

[改訂第4版オールカラーHTMLポケットリファレンス]

リーダブルコード

画像認識

統計的学習理論

入門git

論理設計 スイッチング回路理論

Docker

Python文法詳解

変分ベイズ学習

マーケティング・データ分析の基礎

ノンパラメトリックベイズ

質問応答システム

ゼロから作るDeepLearning Pythonで学ぶディープラーニングの理論と実装

入門自然言語処理

Javaで学ぶ遺伝的アルゴリズム

チャート式DUAL SCOPE デュアルスコープ総合英語

入門機械学習

SQL書き方ドリル

ゲーム開発者のためのAI入門,ゲーム

遺伝的プログラミング

Pythonベースの活用レシピ60+ TensorFlow 機械学習クックブック

デ−タサイエンティスト養成読本 登竜門編

ゼロからはじめるデータサイエンス Pythonで学ぶ基本と実践

コンピュータサイエンス教科書シリーズ15 離散数学

新版_数理計画入門

わかりやすい数理統計の基礎

Python機械学習プログラミング
192.168.63.3 - - [10/Nov/2017 05:40:33] "GET /delete/?title=Python%E3%81%A6%E3%82%99%E3%81%AF%E3%81%97%E3%82%99%E3%82%81%E3%82%8B%E6%A9%9F%E6%A2%B0%E5%AD%A6%E7%BF%92%EF%BC%88scikit-learn%E3%81%A6%E3%82%99%E5%AD%A6%E3%81%B5%E3%82%99%E7%89%B9%E5%BE%B4%E9%87%8F%E3%82%A8%E3%83%B3%E3%82%B7%E3%82%99%E3%83%8B%E3%82%A2%E3%83%AA%E3%83%B3%E3%82%AF%E3%82%99%E3%81%A8%E6%A9%9F%E6%A2%B0%E5%AD%A6%E7%BF%92%E3%81%AE%E5%9F%BA%E7%A4%8E%EF%BC%89&column=test HTTP/1.1" 200 -
192.168.63.3 - - [10/Nov/2017 05:40:34] "GET /update/ HTTP/1.1" 200 -
192.168.63.3 - - [10/Nov/2017 05:42:57] "GET /?title=Docker&column=docker HTTP/1.1" 200 -
192.168.63.3 - - [10/Nov/2017 05:42:57] "GET /update/ HTTP/1.1" 200 -
192.168.63.3 - - [10/Nov/2017 05:43:02] "GET /?title=Docker&column=%E3%82%A4%E3%83%B3%E3%83%95%E3%83%A9 HTTP/1.1" 200 -
192.168.63.3 - - [10/Nov/2017 05:43:02] "GET /update/ HTTP/1.1" 200 -
192.168.63.3 - - [10/Nov/2017 05:43:08] "GET /?title=Python%E6%96%87%E6%B3%95%E8%A9%B3%E8%A7%A3&column=python HTTP/1.1" 200 -
192.168.63.3 - - [10/Nov/2017 05:43:08] "GET /update/ HTTP/1.1" 200 -
192.168.63.3 - - [10/Nov/2017 05:43:18] "GET /?title=SQL%E6%9B%B8%E3%81%8D%E6%96%B9%E3%83%88%E3%82%99%E3%83%AA%E3%83%AB&column=SQL HTTP/1.1" 200 -
192.168.63.3 - - [10/Nov/2017 05:43:18] "GET /update/ HTTP/1.1" 200 -
192.168.63.3 - - [10/Nov/2017 05:43:41] "GET /?title=SQL%E6%9B%B8%E3%81%8D%E6%96%B9%E3%83%88%E3%82%99%E3%83%AA%E3%83%AB&column=%E3%83%87%E3%83%BC%E3%82%BF%E3%83%99%E3%83%BC%E3%82%B9 HTTP/1.1" 200 -
192.168.63.3 - - [10/Nov/2017 05:43:41] "GET /update/ HTTP/1.1" 200 -
192.168.63.3 - - [10/Nov/2017 05:43:51] "GET /?title=%E3%83%86%E3%82%99%E2%88%92%E3%82%BF%E3%82%B5%E3%82%A4%E3%82%A8%E3%83%B3%E3%83%86%E3%82%A3%E3%82%B9%E3%83%88%E9%A4%8A%E6%88%90%E8%AA%AD%E6%9C%AC%20%E7%99%BB%E7%AB%9C%E9%96%80%E7%B7%A8&column=%E3%83%87%E3%83%BC%E3%82%BF%E3%82%B5%E3%82%A4%E3%83%B3%E3%82%A8%E3%82%B9 HTTP/1.1" 200 -
192.168.63.3 - - [10/Nov/2017 05:43:51] "GET /update/ HTTP/1.1" 200 -
192.168.63.3 - - [10/Nov/2017 05:44:08] "GET /?title=%E3%82%BB%E3%82%99%E3%83%AD%E3%81%8B%E3%82%89%E3%81%AF%E3%81%97%E3%82%99%E3%82%81%E3%82%8B%E3%83%86%E3%82%99%E3%83%BC%E3%82%BF%E3%82%B5%E3%82%A4%E3%82%A8%E3%83%B3%E3%82%B9%20Python%E3%81%A6%E3%82%99%E5%AD%A6%E3%81%B5%E3%82%99%E5%9F%BA%E6%9C%AC%E3%81%A8%E5%AE%9F%E8%B7%B5&column=%E3%83%87%E3%83%BC%E3%82%BF%E3%82%B5%E3%82%A4%E3%82%A8%E3%83%B3%E3%82%B9 HTTP/1.1" 200 -
192.168.63.3 - - [10/Nov/2017 05:44:08] "GET /update/ HTTP/1.1" 200 -
192.168.63.3 - - [10/Nov/2017 05:44:17] "GET /delete/?title=%E3%83%86%E3%82%99%E2%88%92%E3%82%BF%E3%82%B5%E3%82%A4%E3%82%A8%E3%83%B3%E3%83%86%E3%82%A3%E3%82%B9%E3%83%88%E9%A4%8A%E6%88%90%E8%AA%AD%E6%9C%AC%20%E7%99%BB%E7%AB%9C%E9%96%80%E7%B7%A8&column=%E3%83%87%E3%83%BC%E3%82%BF%E3%82%B5%E3%82%A4%E3%83%B3%E3%82%A8%E3%82%B9 HTTP/1.1" 200 -
192.168.63.3 - - [10/Nov/2017 05:44:17] "GET /update/ HTTP/1.1" 200 -
192.168.63.3 - - [10/Nov/2017 05:44:38] "GET /?title=%E3%83%86%E3%82%99%E2%88%92%E3%82%BF%E3%82%B5%E3%82%A4%E3%82%A8%E3%83%B3%E3%83%86%E3%82%A3%E3%82%B9%E3%83%88%E9%A4%8A%E6%88%90%E8%AA%AD%E6%9C%AC%20%E7%99%BB%E7%AB%9C%E9%96%80%E7%B7%A8&column=%E3%83%87%E3%83%BC%E3%82%BF%E3%82%B5%E3%82%A4%E3%82%A8%E3%83%B3%E3%82%B9 HTTP/1.1" 200 -
192.168.63.3 - - [10/Nov/2017 05:44:38] "GET /update/ HTTP/1.1" 200 -
192.168.63.3 - - [10/Nov/2017 05:44:52] "GET /?title=%E3%82%AA%E3%83%B3%E3%83%A9%E3%82%A4%E3%83%B3%E4%BA%88%E6%B8%AC&column=%E6%A9%9F%E6%A2%B0%E5%AD%A6%E7%BF%92 HTTP/1.1" 200 -
192.168.63.3 - - [10/Nov/2017 05:44:52] "GET /update/ HTTP/1.1" 200 -
192.168.63.3 - - [10/Nov/2017 05:44:58] "GET /?title=%E3%82%AA%E3%83%B3%E3%83%A9%E3%82%A4%E3%83%B3%E4%BA%88%E6%B8%AC&column=%E3%82%AA%E3%83%B3%E3%83%A9%E3%82%A4%E3%83%B3%E5%AD%A6%E7%BF%92 HTTP/1.1" 200 -
192.168.63.3 - - [10/Nov/2017 05:44:58] "GET /update/ HTTP/1.1" 200 -
192.168.63.3 - - [10/Nov/2017 05:45:05] "GET /?title=%E6%98%8E%E8%A7%A3C%E8%A8%80%E8%AA%9E_%E5%85%A5%E9%96%80%E7%B7%A8&column=C%E8%A8%80%E8%AA%9E HTTP/1.1" 200 -
192.168.63.3 - - [10/Nov/2017 05:45:05] "GET /update/ HTTP/1.1" 200 -
192.168.63.3 - - [10/Nov/2017 05:45:18] "GET /?title=%E5%85%A5%E9%96%80%E8%87%AA%E7%84%B6%E8%A8%80%E8%AA%9E%E5%87%A6%E7%90%86&column=%E8%87%AA%E7%84%B6%E8%A8%80%E8%AA%9E%E5%87%A6%E7%90%86 HTTP/1.1" 200 -
192.168.63.3 - - [10/Nov/2017 05:45:18] "GET /update/ HTTP/1.1" 200 -
192.168.63.3 - - [10/Nov/2017 05:45:32] "GET /?title=%E7%94%BB%E5%83%8F%E8%AA%8D%E8%AD%98&column=%E6%A9%9F%E6%A2%B0%E5%AD%A6%E7%BF%92 HTTP/1.1" 200 -
192.168.63.3 - - [10/Nov/2017 05:45:32] "GET /update/ HTTP/1.1" 200 -
192.168.63.3 - - [10/Nov/2017 05:45:38] "GET /?title=%E7%94%BB%E5%83%8F%E8%AA%8D%E8%AD%98&column=%E7%94%BB%E5%83%8F HTTP/1.1" 200 -
192.168.63.3 - - [10/Nov/2017 05:45:38] "GET /update/ HTTP/1.1" 200 -
192.168.63.3 - - [10/Nov/2017 05:45:49] "GET /?title=%E3%83%AA%E3%83%BC%E3%83%80%E3%83%96%E3%83%AB%E3%82%B3%E3%83%BC%E3%83%89&column=%E3%82%B3%E3%83%BC%E3%83%89%E6%9B%B8%E3%81%8D%E6%96%B9 HTTP/1.1" 200 -
192.168.63.3 - - [10/Nov/2017 05:45:49] "GET /update/ HTTP/1.1" 200 -
192.168.63.3 - - [10/Nov/2017 05:46:02] "GET /?title=Chainer%20v2%E3%81%AB%E3%82%88%E3%82%8B%E5%AE%9F%E8%B7%B5%E6%B7%B1%E5%B1%A4%E5%AD%A6%E7%BF%92&column=%E6%B7%B1%E5%B1%A4%E5%AD%A6%E7%BF%92 HTTP/1.1" 200 -
192.168.63.3 - - [10/Nov/2017 05:46:02] "GET /update/ HTTP/1.1" 200 -
192.168.63.3 - - [10/Nov/2017 05:46:06] "GET /?title=Chainer%20v2%E3%81%AB%E3%82%88%E3%82%8B%E5%AE%9F%E8%B7%B5%E6%B7%B1%E5%B1%A4%E5%AD%A6%E7%BF%92&column=chainer HTTP/1.1" 200 -
192.168.63.3 - - [10/Nov/2017 05:46:06] "GET /update/ HTTP/1.1" 200 -
192.168.63.3 - - [10/Nov/2017 05:46:19] "GET /?title=%E3%82%A2%E3%83%B3%E3%82%B5%E3%83%B3%E3%83%95%E3%82%99%E3%83%AB%E6%A9%9F%E6%A2%B0%E5%AD%A6%E7%BF%92&column=%E6%A9%9F%E6%A2%B0%E5%AD%A6%E7%BF%92 HTTP/1.1" 200 -
192.168.63.3 - - [10/Nov/2017 05:46:19] "GET /update/ HTTP/1.1" 200 -
192.168.63.3 - - [10/Nov/2017 05:46:28] "GET /?title=%E5%85%A5%E9%96%80Python3&column=python HTTP/1.1" 200 -
192.168.63.3 - - [10/Nov/2017 05:46:28] "GET /update/ HTTP/1.1" 200 -
192.168.63.3 - - [10/Nov/2017 05:46:36] "GET /?title=%E5%85%A5%E9%96%80Python2&3%E5%AF%BE%E5%BF%9C&column=python HTTP/1.1" 200 -
192.168.63.3 - - [10/Nov/2017 05:46:36] "GET /update/ HTTP/1.1" 200 -
192.168.63.3 - - [10/Nov/2017 05:47:08] "GET /?title=Python%E3%81%A6%E3%82%99%E3%81%AF%E3%81%97%E3%82%99%E3%82%81%E3%82%8B%E6%A9%9F%E6%A2%B0%E5%AD%A6%E7%BF%92%EF%BC%88scikit-learn%E3%81%A6%E3%82%99%E5%AD%A6%E3%81%B5%E3%82%99%E7%89%B9%E5%BE%B4%E9%87%8F%E3%82%A8%E3%83%B3%E3%82%B7%E3%82%99%E3%83%8B%E3%82%A2%E3%83%AA%E3%83%B3%E3%82%AF%E3%82%99%E3%81%A8%E6%A9%9F%E6%A2%B0%E5%AD%A6%E7%BF%92%E3%81%AE%E5%9F%BA%E7%A4%8E%EF%BC%89&column=python HTTP/1.1" 200 -
192.168.63.3 - - [10/Nov/2017 05:47:08] "GET /update/ HTTP/1.1" 200 -
192.168.63.3 - - [10/Nov/2017 05:47:23] "GET /?title=C%E3%81%AB%E3%82%88%E3%82%8B%E6%8E%A2%E7%B4%A2%E3%83%95%E3%82%9A%E3%83%AD%E3%82%AF%E3%82%99%E3%83%A9%E3%83%9F%E3%83%B3%E3%82%AF%E3%82%99&column=C%E8%A8%80%E8%AA%9E HTTP/1.1" 200 -
192.168.63.3 - - [10/Nov/2017 05:47:23] "GET /update/ HTTP/1.1" 200 -
